<?xml version="1.0" encoding="UTF-8"?>
<!-- Generated by org.testng.reporters.JUnitReportReporter -->
<testsuite skipped="0" hostname="H-Z0046" name="com.fiberhome_yunchuang.www.bianjie.UI.autotest.logic.TestLogin" tests="1" failures="0" timestamp="09 五月 2018 07:51:27 GMT" time="11.980" errors="0">
  <testcase name="testLogin" time="11.980" classname="com.fiberhome_yunchuang.www.bianjie.UI.autotest.logic.TestLogin"/>
</testsuite> <!-- com.fiberhome_yunchuang.www.bianjie.UI.autotest.logic.TestLogin -->
