<?xml version="1.0" encoding="UTF-8"?>
<!-- Generated by org.testng.reporters.JUnitReportReporter -->
<testsuite skipped="0" hostname="H-Z0046" name="com.fiberhome_yunchuang.www.bianjie.UI.autotest.logic.Login" tests="1" failures="0" timestamp="27 四月 2018 07:24:16 GMT" time="15.942" errors="0">
  <testcase name="login" time="15.942" classname="com.fiberhome_yunchuang.www.bianjie.UI.autotest.logic.Login"/>
</testsuite> <!-- com.fiberhome_yunchuang.www.bianjie.UI.autotest.logic.Login -->
