<?xml version="1.0" encoding="UTF-8"?>
<!-- Generated by org.testng.reporters.JUnitReportReporter -->
<testsuite skipped="0" hostname="H-Z0046" name="com.fiberhome_yunchuang.www.bianjie.UI.autotest.logic.LogicAdapter" tests="1" failures="0" timestamp="09 五月 2018 08:23:16 GMT" time="10.204" errors="0">
  <testcase name="testLogin" time="10.204" classname="com.fiberhome_yunchuang.www.bianjie.UI.autotest.logic.LogicAdapter"/>
</testsuite> <!-- com.fiberhome_yunchuang.www.bianjie.UI.autotest.logic.LogicAdapter -->
